<?xml version="1.0" encoding="UTF-8"?>
<!-- Generated by org.testng.reporters.JUnitReportReporter -->
<testsuite skipped="0" hostname="ip-172-31-85-137" name="test.LoginTest" tests="3" failures="0" timestamp="09 Nov 2021 04:43:52 GMT" time="13.049" errors="0">
  <testcase name="Negativelogin" time="4.532" classname="test.LoginTest"/>
  <testcase name="ExcelTest" time="4.783" classname="test.LoginTest"/>
  <testcase name="Positivelogin" time="3.734" classname="test.LoginTest"/>
</testsuite> <!-- test.LoginTest -->
