<?xml version="1.0" encoding="UTF-8"?>
<!-- Generated by org.testng.reporters.JUnitReportReporter -->
<testsuite skipped="0" hostname="ip-172-31-85-137" name="test.LoginTest" tests="3" failures="0" timestamp="11 Nov 2021 06:42:29 GMT" time="12.005" errors="0">
  <testcase name="Negativelogin" time="4.848" classname="test.LoginTest"/>
  <testcase name="Positivelogin" time="3.087" classname="test.LoginTest"/>
  <testcase name="ExcelTest" time="4.070" classname="test.LoginTest"/>
</testsuite> <!-- test.LoginTest -->
